<?xml version="1.0" encoding="UTF-8"?>
<!-- Generated by org.testng.reporters.JUnitReportReporter -->
<testsuite hostname="TYSS-Shobha" failures="0" tests="3" name="testNG.DataProviderEx1" time="0.068" errors="0" timestamp="2025-02-20T15:59:15 IST" skipped="0">
  <testcase classname="testNG.DataProviderEx1" name="bookTickets" time="0.010"/>
  <testcase classname="testNG.DataProviderEx1" name="bookTickets" time="0.014"/>
  <testcase classname="testNG.DataProviderEx1" name="bookTickets" time="0.044"/>
</testsuite> <!-- testNG.DataProviderEx1 -->
