<?xml version="1.0" encoding="UTF-8"?>
<!-- Generated by org.testng.reporters.JUnitReportReporter -->
<testsuite hostname="TYSS-Shobha" failures="0" tests="1" name="campaigns.CreateCampaignsTest" time="24.916" errors="0" timestamp="2025-03-05T14:12:55 IST" skipped="0">
  <testcase classname="campaigns.CreateCampaignsTest" name="createCampaignsTest" time="24.916"/>
</testsuite> <!-- campaigns.CreateCampaignsTest -->
