<?xml version="1.0" encoding="UTF-8"?>
<!-- Generated by org.testng.reporters.JUnitReportReporter -->
<testsuite hostname="TYSS-Shobha" failures="0" tests="2" name="testNG.DemoTest" time="31.736" errors="0" timestamp="2025-02-25T15:32:07 IST" skipped="0">
  <testcase classname="testNG.DemoTest" name="m1" time="16.042"/>
  <testcase classname="testNG.DemoTest" name="m2" time="15.694"/>
</testsuite> <!-- testNG.DemoTest -->
