<?xml version="1.0" encoding="UTF-8"?>
<!-- Generated by org.testng.reporters.JUnitReportReporter -->
<testsuite hostname="TYSS-Shobha" failures="0" tests="1" name="campaigns.CreateCampaignWithProductTest" time="117.340" errors="0" timestamp="2025-03-05T14:12:55 IST" skipped="0">
  <testcase classname="campaigns.CreateCampaignWithProductTest" name="createCampaignWithProductTest" time="117.340"/>
</testsuite> <!-- campaigns.CreateCampaignWithProductTest -->
