<?xml version="1.0" encoding="UTF-8"?>
<!-- Generated by org.testng.reporters.JUnitReportReporter -->
<testsuite hostname="TYSS-Shobha" failures="0" tests="4" name="testNG.SampleTest" time="0.057" errors="0" timestamp="2025-02-20T15:43:56 IST" skipped="0">
  <testcase classname="testNG.SampleTest" name="createProduct" time="0.036"/>
  <testcase classname="testNG.SampleTest" name="deleteProduct" time="0.008"/>
  <testcase classname="testNG.SampleTest" name="createProduct" time="0.005"/>
  <testcase classname="testNG.SampleTest" name="modifyProduct" time="0.008"/>
</testsuite> <!-- testNG.SampleTest -->
