<?xml version="1.0" encoding="UTF-8"?>
<!-- Generated by org.testng.reporters.JUnitReportReporter -->
<testsuite hostname="TYSS-Shobha" failures="0" tests="1" name="organization.CreateOrganizationTest" time="27.985" errors="0" timestamp="2025-03-05T14:12:55 IST" skipped="0">
  <testcase classname="organization.CreateOrganizationTest" name="CreateOrganizationTest" time="27.985"/>
</testsuite> <!-- organization.CreateOrganizationTest -->
